C:\D-Drive\My_Git_Projects\SampleDotNetMVCAng2\Sample.MVC.Ang2\Sample.MVC.Ang2\Scripts\app\Components\Common\content.component.js
C:\D-Drive\My_Git_Projects\SampleDotNetMVCAng2\Sample.MVC.Ang2\Sample.MVC.Ang2\Scripts\app\Components\Common\content.component.js.map
C:\D-Drive\My_Git_Projects\SampleDotNetMVCAng2\Sample.MVC.Ang2\Sample.MVC.Ang2\Scripts\app\app.component.js
C:\D-Drive\My_Git_Projects\SampleDotNetMVCAng2\Sample.MVC.Ang2\Sample.MVC.Ang2\Scripts\app\app.component.js.map
C:\D-Drive\My_Git_Projects\SampleDotNetMVCAng2\Sample.MVC.Ang2\Sample.MVC.Ang2\Scripts\app\components\login\login.component.js
C:\D-Drive\My_Git_Projects\SampleDotNetMVCAng2\Sample.MVC.Ang2\Sample.MVC.Ang2\Scripts\app\components\login\login.component.js.map
C:\D-Drive\My_Git_Projects\SampleDotNetMVCAng2\Sample.MVC.Ang2\Sample.MVC.Ang2\Scripts\app\components\home\home.component.js
C:\D-Drive\My_Git_Projects\SampleDotNetMVCAng2\Sample.MVC.Ang2\Sample.MVC.Ang2\Scripts\app\components\home\home.component.js.map
C:\D-Drive\My_Git_Projects\SampleDotNetMVCAng2\Sample.MVC.Ang2\Sample.MVC.Ang2\Scripts\app\services\adapter\adapter.js
C:\D-Drive\My_Git_Projects\SampleDotNetMVCAng2\Sample.MVC.Ang2\Sample.MVC.Ang2\Scripts\app\services\adapter\adapter.js.map
C:\D-Drive\My_Git_Projects\SampleDotNetMVCAng2\Sample.MVC.Ang2\Sample.MVC.Ang2\Scripts\app\services\adapter\adapter.service.js
C:\D-Drive\My_Git_Projects\SampleDotNetMVCAng2\Sample.MVC.Ang2\Sample.MVC.Ang2\Scripts\app\services\adapter\adapter.service.js.map
C:\D-Drive\My_Git_Projects\SampleDotNetMVCAng2\Sample.MVC.Ang2\Sample.MVC.Ang2\Scripts\app\services\user\user.js
C:\D-Drive\My_Git_Projects\SampleDotNetMVCAng2\Sample.MVC.Ang2\Sample.MVC.Ang2\Scripts\app\services\user\user.js.map
C:\D-Drive\My_Git_Projects\SampleDotNetMVCAng2\Sample.MVC.Ang2\Sample.MVC.Ang2\Scripts\app\components\adapter\adapter.component.js
C:\D-Drive\My_Git_Projects\SampleDotNetMVCAng2\Sample.MVC.Ang2\Sample.MVC.Ang2\Scripts\app\components\adapter\adapter.component.js.map
C:\D-Drive\My_Git_Projects\SampleDotNetMVCAng2\Sample.MVC.Ang2\Sample.MVC.Ang2\Scripts\app\app.router.js
C:\D-Drive\My_Git_Projects\SampleDotNetMVCAng2\Sample.MVC.Ang2\Sample.MVC.Ang2\Scripts\app\app.router.js.map
C:\D-Drive\My_Git_Projects\SampleDotNetMVCAng2\Sample.MVC.Ang2\Sample.MVC.Ang2\Scripts\app\components\common\orderby.pipe.js
C:\D-Drive\My_Git_Projects\SampleDotNetMVCAng2\Sample.MVC.Ang2\Sample.MVC.Ang2\Scripts\app\components\common\orderby.pipe.js.map
C:\D-Drive\My_Git_Projects\SampleDotNetMVCAng2\Sample.MVC.Ang2\Sample.MVC.Ang2\Scripts\app\components\common\filter.pipe.js
C:\D-Drive\My_Git_Projects\SampleDotNetMVCAng2\Sample.MVC.Ang2\Sample.MVC.Ang2\Scripts\app\components\common\filter.pipe.js.map
C:\D-Drive\My_Git_Projects\SampleDotNetMVCAng2\Sample.MVC.Ang2\Sample.MVC.Ang2\Scripts\app\components\common\keys.pipe.js
C:\D-Drive\My_Git_Projects\SampleDotNetMVCAng2\Sample.MVC.Ang2\Sample.MVC.Ang2\Scripts\app\components\common\keys.pipe.js.map
C:\D-Drive\My_Git_Projects\SampleDotNetMVCAng2\Sample.MVC.Ang2\Sample.MVC.Ang2\Scripts\app\components\common\header.component.js
C:\D-Drive\My_Git_Projects\SampleDotNetMVCAng2\Sample.MVC.Ang2\Sample.MVC.Ang2\Scripts\app\components\common\header.component.js.map
C:\D-Drive\My_Git_Projects\SampleDotNetMVCAng2\Sample.MVC.Ang2\Sample.MVC.Ang2\Scripts\app\components\common\footer.component.js
C:\D-Drive\My_Git_Projects\SampleDotNetMVCAng2\Sample.MVC.Ang2\Sample.MVC.Ang2\Scripts\app\components\common\footer.component.js.map
C:\D-Drive\My_Git_Projects\SampleDotNetMVCAng2\Sample.MVC.Ang2\Sample.MVC.Ang2\Scripts\app\services\common\table.service.js
C:\D-Drive\My_Git_Projects\SampleDotNetMVCAng2\Sample.MVC.Ang2\Sample.MVC.Ang2\Scripts\app\services\common\table.service.js.map
C:\D-Drive\My_Git_Projects\SampleDotNetMVCAng2\Sample.MVC.Ang2\Sample.MVC.Ang2\Scripts\app\components\common\table.component.js
C:\D-Drive\My_Git_Projects\SampleDotNetMVCAng2\Sample.MVC.Ang2\Sample.MVC.Ang2\Scripts\app\components\common\table.component.js.map
C:\D-Drive\My_Git_Projects\SampleDotNetMVCAng2\Sample.MVC.Ang2\Sample.MVC.Ang2\Scripts\app\app.module.js
C:\D-Drive\My_Git_Projects\SampleDotNetMVCAng2\Sample.MVC.Ang2\Sample.MVC.Ang2\Scripts\app\app.module.js.map
C:\D-Drive\My_Git_Projects\SampleDotNetMVCAng2\Sample.MVC.Ang2\Sample.MVC.Ang2\Scripts\app\main.js
C:\D-Drive\My_Git_Projects\SampleDotNetMVCAng2\Sample.MVC.Ang2\Sample.MVC.Ang2\Scripts\app\main.js.map
C:\D-Drive\My_Git_Projects\SampleDotNetMVCAng2\Sample.MVC.Ang2\Sample.MVC.Ang2\Scripts\app\components\adapter\test.js
C:\D-Drive\My_Git_Projects\SampleDotNetMVCAng2\Sample.MVC.Ang2\Sample.MVC.Ang2\Scripts\app\components\adapter\test.js.map
